\BOOKMARK [1][-]{section.1}{\376\377\225\356\230\230\221\315\217\360}{}% 1
\BOOKMARK [2][-]{subsection.1.1}{\376\377\225\356\230\230\200\314\146\157}{section.1}% 2
\BOOKMARK [2][-]{subsection.1.2}{\376\377\225\356\230\230\143\320\121\372}{section.1}% 3
\BOOKMARK [1][-]{section.2}{\376\377\225\356\230\230\122\006\147\220}{}% 4
\BOOKMARK [2][-]{subsection.2.1}{\376\377\225\356\230\230\116\000\166\204\122\006\147\220}{section.2}% 5
\BOOKMARK [2][-]{subsection.2.2}{\376\377\225\356\230\230\116\214\166\204\122\006\147\220}{section.2}% 6
\BOOKMARK [2][-]{subsection.2.3}{\376\377\225\356\230\230\116\011\166\204\122\006\147\220}{section.2}% 7
\BOOKMARK [2][-]{subsection.2.4}{\376\377\225\356\230\230\126\333\166\204\122\006\147\220}{section.2}% 8
\BOOKMARK [1][-]{section.3}{\376\377\152\041\127\213\120\107\213\276}{}% 9
\BOOKMARK [1][-]{section.4}{\376\377\173\046\123\367\213\364\146\016}{}% 10
\BOOKMARK [1][-]{section.5}{\376\377\152\041\127\213\166\204\136\372\172\313\116\016\154\102\211\343}{}% 11
\BOOKMARK [2][-]{subsection.5.1}{\376\377\225\356\230\230\116\000\137\161\133\120\225\177\136\246\123\330\123\026\152\041\127\213\166\204\136\372\172\313\116\016\122\006\147\220}{section.5}% 12
\BOOKMARK [3][-]{subsubsection.5.1.1}{\376\377\137\161\133\120\225\177\136\246\123\330\123\026\152\041\127\213\166\204\136\372\172\313}{subsection.5.1}% 13
\BOOKMARK [3][-]{subsubsection.5.1.2}{\376\377\137\161\133\120\225\177\136\246\123\330\123\026\166\204\126\340\175\040\122\006\147\220}{subsection.5.1}% 14
\BOOKMARK [3][-]{subsubsection.5.1.3}{\376\377\137\161\133\120\225\177\136\246\123\330\123\026\152\041\127\213\166\204\154\102\211\343\116\016\122\006\147\220}{subsection.5.1}% 15
\BOOKMARK [2][-]{subsection.5.2}{\376\377\225\356\230\230\116\214\166\364\147\106\127\060\160\271\123\315\157\024\152\041\127\213\166\204\136\372\172\313\116\016\154\102\211\343}{section.5}% 16
\BOOKMARK [3][-]{subsubsection.5.2.1}{\376\377\166\364\147\106\127\060\160\271\123\315\157\024\152\041\127\213\166\204\136\372\172\313}{subsection.5.2}% 17
\BOOKMARK [3][-]{subsubsection.5.2.2}{\376\377\142\337\124\010\116\011\211\322\121\375\145\160\166\204\170\156\133\232}{subsection.5.2}% 18
\BOOKMARK [3][-]{subsubsection.5.2.3}{\376\377\166\364\147\106\127\060\160\271\123\315\157\024\152\041\127\213\166\204\154\102\211\343}{subsection.5.2}% 19
\BOOKMARK [4][-]{subsubsubsection.5.2.3.1}{\376\377\142\337\124\010\121\375\145\160\166\204\154\102\211\343}{subsubsection.5.2.3}% 20
\BOOKMARK [4][-]{subsubsubsection.5.2.3.2}{\376\377\166\364\147\106\127\060\160\271\123\315\157\024\152\041\127\213\166\204\154\102\211\343\116\016\122\006\147\220}{subsubsection.5.2.3}% 21
\BOOKMARK [2][-]{subsection.5.3}{\376\377\225\356\230\230\116\011\166\364\147\106\127\060\160\271\123\315\157\024\152\041\127\213\166\204\136\372\172\313\116\016\154\102\211\343}{section.5}% 22
\BOOKMARK [3][-]{subsubsection.5.3.1}{\376\377\166\364\147\106\127\060\160\271\123\315\157\024\152\041\127\213\166\204\136\372\172\313}{subsection.5.3}% 23
\BOOKMARK [3][-]{subsubsection.5.3.2}{\376\377\142\337\124\010\116\011\211\322\121\375\145\160\166\204\145\071\217\333}{subsection.5.3}% 24
\BOOKMARK [3][-]{subsubsection.5.3.3}{\376\377\166\364\147\106\127\060\160\271\123\315\157\024\152\041\127\213\166\204\154\102\211\343\116\016\122\006\147\220}{subsection.5.3}% 25
\BOOKMARK [4][-]{subsubsubsection.5.3.3.1}{\376\377\226\104\116\366\116\214\145\160\143\156\133\371\136\224\152\041\127\213\166\204\154\102\211\343\116\016\122\006\147\220}{subsubsection.5.3.3}% 26
\BOOKMARK [4][-]{subsubsubsection.5.3.3.2}{\376\377\226\104\116\366\116\011\145\160\143\156\133\371\136\224\152\041\127\213\166\204\154\102\211\343\116\016\122\006\147\220}{subsubsection.5.3.3}% 27
\BOOKMARK [2][-]{subsection.5.4}{\376\377\225\356\230\230\126\333\127\372\116\216\126\376\120\317\131\004\164\006\166\204\123\315\157\024\152\041\127\213\166\204\136\372\172\313\116\016\154\102\211\343}{section.5}% 28
\BOOKMARK [3][-]{subsubsection.5.4.1}{\376\377\152\041\127\213\166\204\121\306\131\007}{subsection.5.4}% 29
\BOOKMARK [4][-]{subsubsubsection.5.4.1.1}{\376\377\220\017\211\306\123\330\143\142}{subsubsection.5.4.1}% 30
\BOOKMARK [4][-]{subsubsubsection.5.4.1.2}{\376\377\211\306\230\221\116\016\126\376\120\317\131\004\164\006}{subsubsection.5.4.1}% 31
\BOOKMARK [3][-]{subsubsection.5.4.2}{\376\377\213\241\173\227\137\161\133\120\225\177\136\246\152\041\127\213\166\204\136\372\172\313}{subsection.5.4}% 32
\BOOKMARK [3][-]{subsubsection.5.4.3}{\376\377\166\364\147\106\127\060\160\271\123\315\157\024\152\041\127\213\166\204\154\102\211\343\116\016\122\006\147\220}{subsection.5.4}% 33
\BOOKMARK [4][-]{subsubsubsection.5.4.3.1}{\376\377\142\315\144\104\145\345\147\037\135\362\167\345\000\050\0007\147\010\0001\0003\145\345\000\051}{subsubsection.5.4.3}% 34
\BOOKMARK [4][-]{subsubsubsection.5.4.3.2}{\376\377\142\315\144\104\145\345\147\037\147\052\167\345}{subsubsection.5.4.3}% 35
\BOOKMARK [3][-]{subsubsection.5.4.4}{\376\377\225\356\230\230\126\333\166\204\160\165\145\117\136\246\122\006\147\220}{subsection.5.4}% 36
\BOOKMARK [1][-]{section.6}{\376\377\152\041\127\213\166\204\213\304\116\367}{}% 37
\BOOKMARK [2][-]{subsection.6.1}{\376\377\152\041\127\213\166\204\117\030\160\271}{section.6}% 38
\BOOKMARK [2][-]{subsection.6.2}{\376\377\152\041\127\213\166\204\177\072\160\271}{section.6}% 39
\BOOKMARK [2][-]{subsection.6.3}{\376\377\152\041\127\213\166\204\143\250\136\177}{section.6}% 40
\BOOKMARK [1][-]{appendix.A}{\376\377\226\104\137\125}{}% 41
\BOOKMARK [2][-]{subsection.A.1}{\376\377\225\356\230\230\116\000\156\220\172\013\136\217}{appendix.A}% 42
\BOOKMARK [2][-]{subsection.A.2}{\376\377\225\356\230\230\116\214\156\220\172\013\136\217}{appendix.A}% 43
\BOOKMARK [2][-]{subsection.A.3}{\376\377\225\356\230\230\116\011\156\220\172\013\136\217}{appendix.A}% 44
\BOOKMARK [2][-]{subsection.A.4}{\376\377\225\356\230\230\126\333\156\220\172\013\136\217}{appendix.A}% 45
